%!Adobe-FontList 1.16
%Locale:0x409

%BeginFont
Handler:DirectoryHandler
FontType:Type1
FontName:MinionPro-Bold
FamilyName:Minion Pro
StyleName:Bold
MenuName:Minion Pro
StyleBits:2
WeightClass:700
WidthClass:5
AngleClass:0
FullName:Minion Pro Bold
WritingScript:Roman
OutlineFileName:\MinionPro-Bold.otf
DataFormat:sfntData
UsesStandardEncoding:yes
isCFF:yes
FileLength:218116
FileModTime:1434645481
DesignSize:110
NameArray:0,Mac,4,Minion Pro Bold
NameArray:0,Win,1,Minion Pro
%EndFont

%BeginFont
Handler:DirectoryHandler
FontType:Type1
FontName:MinionPro-BoldIt
FamilyName:Minion Pro
StyleName:Bold Italic
MenuName:Minion Pro
StyleBits:3
WeightClass:700
WidthClass:5
AngleClass:1
FullName:Minion Pro Bold Italic
WritingScript:Roman
OutlineFileName:\MinionPro-BoldIt.otf
DataFormat:sfntData
UsesStandardEncoding:yes
isCFF:yes
FileLength:258972
FileModTime:1434645481
DesignSize:110
NameArray:0,Mac,18,Minion Pro Bold Ital
NameArray:0,Mac,4,Minion Pro Bold Italic
NameArray:0,Win,1,Minion Pro
%EndFont

%BeginFont
Handler:DirectoryHandler
FontType:Type1
FontName:MinionPro-It
FamilyName:Minion Pro
StyleName:Italic
MenuName:Minion Pro
StyleBits:1
WeightClass:400
WidthClass:5
AngleClass:1
FullName:Minion Pro Italic
WritingScript:Roman
OutlineFileName:\MinionPro-It.otf
DataFormat:sfntData
UsesStandardEncoding:yes
isCFF:yes
FileLength:259940
FileModTime:1434645481
DesignSize:110
NameArray:0,Mac,18,Minion Pro Ital
NameArray:0,Mac,4,Minion Pro Italic
NameArray:0,Win,1,Minion Pro
%EndFont

%BeginFont
Handler:DirectoryHandler
FontType:Type1
FontName:MinionPro-Regular
FamilyName:Minion Pro
StyleName:Regular
MenuName:Minion Pro
StyleBits:0
WeightClass:400
WidthClass:5
AngleClass:0
FullName:Minion Pro
WritingScript:Roman
OutlineFileName:\MinionPro-Regular.otf
DataFormat:sfntData
UsesStandardEncoding:yes
isCFF:yes
FileLength:218640
FileModTime:1434645481
DesignSize:110
NameArray:0,Mac,4,Minion Pro
NameArray:0,Win,1,Minion Pro
%EndFont

%BeginFont
Handler:DirectoryHandler
FontType:Type1
FontName:MinionPro-SemiboldIt
FamilyName:Minion Pro
StyleName:Semibold Italic
MenuName:Minion Pro SmBd
StyleBits:1
WeightClass:600
WidthClass:5
AngleClass:1
FullName:Minion Pro Semibold Italic
WritingScript:Roman
OutlineFileName:\MinionPro-SemiboldIt.otf
DataFormat:sfntData
UsesStandardEncoding:yes
isCFF:yes
FileLength:260456
FileModTime:1434645480
DesignSize:110
NameArray:0,Mac,18,Minion Pro SmBd Ital
NameArray:0,Mac,4,Minion Pro Semibold Italic
NameArray:0,Win,1,Minion Pro SmBd
NameArray:0,Win,16,Minion Pro
%EndFont

%BeginFont
Handler:DirectoryHandler
FontType:TrueType
FontName:Geometric231BT-BoldC
FamilyName:Geometr231 BT
StyleName:Bold
MenuName:Geometr231 BT
StyleBits:2
WeightClass:700
WidthClass:5
AngleClass:0
FullName:Geometric 231 Bold BT
WritingScript:Roman
OutlineFileName:\ufonts.com_geometric-231-bold-bt.ttf
DataFormat:sfntData
FileLength:39620
FileModTime:1438690945
NameArray:0,Mac,4,Geometric 231 Bold BT
NameArray:0,Win,1,Geometr231 BT
%EndFont

%BeginFont
Handler:DirectoryHandler
FontType:TrueType
FontName:Geometric231BT-RomanC
FamilyName:Geometr231 BT
StyleName:Roman
MenuName:Geometr231 BT
StyleBits:0
WeightClass:400
WidthClass:5
AngleClass:0
FullName:Geometric 231 BT
WritingScript:Roman
OutlineFileName:\ufonts.com_geometric-231-bt.ttf
DataFormat:sfntData
FileLength:37620
FileModTime:1438691279
NameArray:0,Mac,4,Geometric 231 BT
NameArray:0,Win,1,Geometr231 BT
%EndFont

%BeginFont
Handler:DirectoryHandler
FontType:TrueType
FontName:Geometric231BT-HeavyC
FamilyName:Geometr231 Hv BT
StyleName:Heavy
MenuName:Geometr231 Hv BT
StyleBits:0
WeightClass:400
WidthClass:5
AngleClass:0
FullName:Geometric 231 Heavy BT
WritingScript:Roman
OutlineFileName:\ufonts.com_geometric-231-heavy-bt.ttf
DataFormat:sfntData
FileLength:36920
FileModTime:1438691217
NameArray:0,Mac,4,Geometric 231 Heavy BT
NameArray:0,Win,1,Geometr231 Hv BT
%EndFont

